<?xml version="1.0" encoding="UTF-8"?>
<!-- Generated by org.testng.reporters.JUnitXMLReporter -->
<testsuite ignored="0" hostname="LAPTOP-AL3H5S4M" failures="0" tests="3" name="Test" time="5.997" errors="0" timestamp="2024-12-19T16:45:47 IST">
  <testcase classname="rest_API_Project.POST_RequestTest" name="Create" time="2.877"/>
  <testcase classname="automationTests.Get_Specific_Booking_Id" name="updateBooking" time="1.666"/>
  <testcase classname="rest_API_Project.GET_RequestTest" name="FindPets" time="1.217"/>
</testsuite> <!-- Test -->
