<?xml version="1.0" encoding="UTF-8"?>
<testsuite xmlns:xsi="http://www.w3.org/2001/XMLSchema-instance" xsi:noNamespaceSchemaLocation="https://maven.apache.org/surefire/maven-surefire-plugin/xsd/surefire-test-report.xsd" version="3.0.2" name="TestSuite" time="6.541" tests="3" errors="0" skipped="0" failures="0">
  <properties>
[...]
</properties>
  <testcase name="Create" classname="rest_API_Project.POST_RequestTest" time="2.879">
    <system-out><![CDATA[Request method:	POST
Request URI:	https://petstore.swagger.io/v2/pet
Proxy:			<none>
Request params:	<none>
Query params:	<none>
Form params:	<none>
Path params:	<none>
Headers:		Accept=*/*
				Content-Type=application/json
Cookies:		<none>
Multiparts:		<none>
Body:
{
    "id": 0,
    "category": {
        "id": 0,
        "name": "string"
    },
    "name": "goldie",
    "photoUrls": [
        "string"
    ],
    "tags": [
        {
            "id": 0,
            "name": "string"
        }
    ],
    "status": "sold"
}
{
    "id": 9223372036854773508,
    "category": {
        "id": 0,
        "name": "string"
    },
    "name": "goldie",
    "photoUrls": [
        "string"
    ],
    "tags": [
        {
            "id": 0,
            "name": "string"
        }
    ],
    "status": "sold"
}
{
    "id": 9223372036854773508,
    "category": {
        "id": 0,
        "name": "string"
    },
    "name": "goldie",
    "photoUrls": [
        "string"
    ],
    "tags": [
        {
            "id": 0,
            "name": "string"
        }
    ],
    "status": "sold"
}
]]></system-out>
    <system-err><![CDATA[SLF4J: Failed to load class "org.slf4j.impl.StaticLoggerBinder".
SLF4J: Defaulting to no-operation (NOP) logger implementation
SLF4J: See http://www.slf4j.org/codes.html#StaticLoggerBinder for further details.
]]></system-err>
  </testcase>
  <testcase name="updateBooking" classname="automationTests.Get_Specific_Booking_Id" time="1.667">
    <system-out><![CDATA[Request method:	GET
Request URI:	https://restful-booker.herokuapp.com/booking/4
Proxy:			<none>
Request params:	<none>
Query params:	<none>
Form params:	<none>
Path params:	<none>
Headers:		Accept=*/*
Cookies:		<none>
Multiparts:		<none>
Body:			<none>
Status Code is - 200
{
    "firstname": "Mary",
    "lastname": "Wilson",
    "totalprice": 319,
    "depositpaid": true,
    "bookingdates": {
        "checkin": "2018-07-21",
        "checkout": "2018-07-28"
    },
    "additionalneeds": "Breakfast"
}
]]></system-out>
  </testcase>
  <testcase name="FindPets" classname="rest_API_Project.GET_RequestTest" time="1.229">
    <system-out><![CDATA[Request method:	GET
Request URI:	https://petstore.swagger.io/v2/pet/findByStatus?status=sold
Proxy:			<none>
Request params:	<none>
Query params:	status=sold
Form params:	<none>
Path params:	<none>
Headers:		Accept=*/*
Cookies:		<none>
Multiparts:		<none>
Body:			<none>
[
    {
        "id": 9223372036854772655,
        "category": {
            "id": -29225102,
            "name": "Excepteur fugiat ut in"
        },
        "name": "doggie",
        "photoUrls": [
            "officia quis co",
            "sit Lore"
        ],
        "tags": [
            {
                "id": -9027978,
                "name": "enim"
            },
            {
                "id": -12646892,
                "name": "dolor exercitation eu elit"
            }
        ],
        "status": "sold"
    },
    {
        "id": 9223372036854772656,
        "category": {
            "id": -38125463,
            "name": "irure officia Excepteur a"
        },
        "name": "doggie",
        "photoUrls": [
            "mollit sint anim Excepteur",
            "fugiat non nostrud amet"
        ],
        "tags": [
            {
                "id": 91190600,
                "name": "velit aute"
            },
            {
                "id": 83461469,
                "name": "eiusmod sed deserunt proident"
            }
        ],
        "status": "sold"
    },
    {
        "id": 769,
        "name": "Bella",
        "photoUrls": [
            "string"
        ],
        "tags": [
            
        ],
        "status": "sold"
    },
    {
        "id": 13,
        "category": {
            "id": 0,
            "name": "cats"
        },
        "photoUrls": [
            "string"
        ],
        "tags": [
            {
                "id": 0,
                "name": "string"
            }
        ],
        "status": "sold"
    },
    {
        "id": 900,
        "name": "Bella",
        "photoUrls": [
            "string"
        ],
        "tags": [
            
        ],
        "status": "sold"
    },
    {
        "id": 676146,
        "category": {
            "id": 972338,
            "name": "VHBoIyxV"
        },
        "name": "doggie",
        "photoUrls": [
            "qbSfOd"
        ],
        "tags": [
            {
                "id": 808481,
                "name": "MZdnVLKi"
            }
        ],
        "status": "sold"
    },
    {
        "id": 6483546896444860708,
        "category": {
            "id": 3839030601,
            "name": "HyJknXlPLfkBmQairjaFGmDxf"
        },
        "name": "SWwkTydCvXMSeNkRtoixSpeGnRCRBPugIQLmtxAVTerdCmxAVUbzUQtfsPsD",
        "photoUrls": [
            "HrqInf"
        ],
        "tags": [
            {
                "id": 1743513641,
                "name": "VTTMJTfBfhLMFoDqECzeobJmBQVvAkjUsxUzjYVboHUKmKjHxWjjpXgAz"
            }
        ],
        "status": "sold"
    },
    {
        "id": 3975700076182716449,
        "category": {
            "id": 3534305731,
            "name": "yeopPqkwTrjecbBmyIxQboQSYevUtrvNIGIjHRmBDcrul"
        },
        "name": "SiGKqgroEjbPVNmVXaaqbHPSOBIvgjsRyPHRhYgzlGo",
        "photoUrls": [
            "ttEYHm"
        ],
        "tags": [
            {
                "id": 9867561255,
                "name": "zCWkpckdGYgrNmcadSWkiBjwDFtwunUGwSRdrUcCLK"
            }
        ],
        "status": "sold"
    },
    {
        "id": 8821013949288878767,
        "category": {
            "id": 6484575485,
            "name": "uEcEAWXAztuUDYajXYvZtTAPzdnfFBtegVNZwoZaFBFzmKCipZcdwOfZMIDmlnKaATjxeIURe"
        },
        "name": "ZbcjAVwYhJJxdrGkgtOKvWcVGgGoCvrINjUorfqDnOnxQEEOKIlZgcESPvWC",
        "photoUrls": [
            "sgEUuE"
        ],
        "tags": [
            {
                "id": 4985662306,
                "name": "wiSEJsgkGUZHsZeoIkOhILtIXtbYqMkKXcvgMD"
            }
        ],
        "status": "sold"
    },
    {
        "id": 535,
        "name": "UpdatedPet_535",
        "photoUrls": [
            
        ],
        "tags": [
            
        ],
        "status": "sold"
    },
    {
        "id": 9223372036854773508,
        "category": {
            "id": 0,
            "name": "string"
        },
        "name": "goldie",
        "photoUrls": [
            "string"
        ],
        "tags": [
            {
                "id": 0,
                "name": "string"
            }
        ],
        "status": "sold"
    }
]
Status code is : 200
]]></system-out>
  </testcase>
</testsuite>