<?xml version="1.0" encoding="UTF-8"?>
<testng-results ignored="0" total="3" passed="3" failed="0" skipped="0">
  <reporter-output>
  </reporter-output>
  <suite started-at="2024-12-19T16:45:41 IST" name="Suite" finished-at="2024-12-19T16:45:47 IST" duration-ms="5997">
    <groups>
    </groups>
    <test started-at="2024-12-19T16:45:41 IST" name="Test" finished-at="2024-12-19T16:45:47 IST" duration-ms="5997">
      <class name="automationTests.Get_Specific_Booking_Id">
        <test-method is-config="true" signature="setup()[pri:0, instance:automationTests.Get_Specific_Booking_Id@f6efaab]" started-at="2024-12-19T16:45:44 IST" name="setup" finished-at="2024-12-19T16:45:44 IST" duration-ms="191" status="PASS">
          <reporter-output>
          </reporter-output>
        </test-method> <!-- setup -->
        <test-method signature="updateBooking()[pri:0, instance:automationTests.Get_Specific_Booking_Id@f6efaab]" started-at="2024-12-19T16:45:44 IST" name="updateBooking" finished-at="2024-12-19T16:45:46 IST" duration-ms="1666" status="PASS">
          <reporter-output>
          </reporter-output>
        </test-method> <!-- updateBooking -->
      </class> <!-- automationTests.Get_Specific_Booking_Id -->
      <class name="rest_API_Project.POST_RequestTest">
        <test-method signature="Create()[pri:0, instance:rest_API_Project.POST_RequestTest@5b239d7d]" started-at="2024-12-19T16:45:41 IST" name="Create" finished-at="2024-12-19T16:45:44 IST" duration-ms="2877" status="PASS">
          <reporter-output>
          </reporter-output>
        </test-method> <!-- Create -->
      </class> <!-- rest_API_Project.POST_RequestTest -->
      <class name="rest_API_Project.GET_RequestTest">
        <test-method signature="FindPets()[pri:0, instance:rest_API_Project.GET_RequestTest@3c19aaa5]" started-at="2024-12-19T16:45:46 IST" name="FindPets" finished-at="2024-12-19T16:45:47 IST" duration-ms="1217" status="PASS">
          <reporter-output>
          </reporter-output>
        </test-method> <!-- FindPets -->
      </class> <!-- rest_API_Project.GET_RequestTest -->
    </test> <!-- Test -->
  </suite> <!-- Suite -->
</testng-results>
